<?xml version="1.0" encoding="UTF-8" ?>
<testsuite tests="20" failures="5" name="com.sjsu.socratic.socratic.SampleTest" time="536.104" errors="0" skipped="0">
  <properties>
[...]
</properties>
  <testcase classname="com.sjsu.socratic.socratic.SampleTest" name="testsocratic" time="28.348"/>
  <testcase classname="com.sjsu.socratic.socratic.SampleTest" name="testsocratic" time="28.518"/>
  <testcase classname="com.sjsu.socratic.socratic.SampleTest" name="testsocratic" time="28.684"/>
  <testcase classname="com.sjsu.socratic.socratic.SampleTest" name="testsocratic" time="28.108"/>
  <testcase classname="com.sjsu.socratic.socratic.SampleTest" name="testsocratic" time="27.795">
    <failure message="An element could not be located on the page using the given search parameters.
For documentation on this error, please visit: https://www.seleniumhq.org/exceptions/no_such_element.html
Build info: version: &apos;3.141.59&apos;, revision: &apos;e82be7d358&apos;, time: &apos;2018-11-14T08:17:03&apos;
System info: host: &apos;Anurags-MacBook-Pro.local&apos;, ip: &apos;2601:646:8f80:d800:0:0:0:61e2%en0&apos;, os.name: &apos;Mac OS X&apos;, os.arch: &apos;x86_64&apos;, os.version: &apos;10.15.2&apos;, java.version: &apos;1.8.0_221&apos;
Driver info: io.appium.java_client.AppiumDriver
Capabilities {BROWSER_NAME: Android, appActivity: com.google.android.apps.edu..., appPackage: com.google.socratic, databaseEnabled: false, desired: {BROWSER_NAME: Android, appActivity: com.google.android.apps.edu..., appPackage: com.google.socratic, deviceName: ba3eedaa, platformName: android}, deviceApiLevel: 28, deviceManufacturer: OnePlus, deviceModel: GM1901, deviceName: ba3eedaa, deviceScreenDensity: 420, deviceScreenSize: 1080x2340, deviceUDID: ba3eedaa, javascriptEnabled: true, locationContextEnabled: false, networkConnectionEnabled: true, pixelRatio: 2.625, platform: LINUX, platformName: Android, platformVersion: 9, statBarHeight: 80, takesScreenshot: true, viewportRect: {height: 2054, left: 0, top: 80, width: 1080}, warnings: {}, webStorageEnabled: false}
Session ID: cdd3576d-fec6-4db8-b1d1-82bc4ef05097
*** Element info: {Using=id, value=com.google.socratic:id/question_math}" type="org.openqa.selenium.NoSuchElementException">org.openqa.selenium.NoSuchElementException: An element could not be located on the page using the given search parameters.
For documentation on this error, please visit: https://www.seleniumhq.org/exceptions/no_such_element.html
Build info: version: &apos;3.141.59&apos;, revision: &apos;e82be7d358&apos;, time: &apos;2018-11-14T08:17:03&apos;
System info: host: &apos;Anurags-MacBook-Pro.local&apos;, ip: &apos;2601:646:8f80:d800:0:0:0:61e2%en0&apos;, os.name: &apos;Mac OS X&apos;, os.arch: &apos;x86_64&apos;, os.version: &apos;10.15.2&apos;, java.version: &apos;1.8.0_221&apos;
Driver info: io.appium.java_client.AppiumDriver
Capabilities {BROWSER_NAME: Android, appActivity: com.google.android.apps.edu..., appPackage: com.google.socratic, databaseEnabled: false, desired: {BROWSER_NAME: Android, appActivity: com.google.android.apps.edu..., appPackage: com.google.socratic, deviceName: ba3eedaa, platformName: android}, deviceApiLevel: 28, deviceManufacturer: OnePlus, deviceModel: GM1901, deviceName: ba3eedaa, deviceScreenDensity: 420, deviceScreenSize: 1080x2340, deviceUDID: ba3eedaa, javascriptEnabled: true, locationContextEnabled: false, networkConnectionEnabled: true, pixelRatio: 2.625, platform: LINUX, platformName: Android, platformVersion: 9, statBarHeight: 80, takesScreenshot: true, viewportRect: {height: 2054, left: 0, top: 80, width: 1080}, warnings: {}, webStorageEnabled: false}
Session ID: cdd3576d-fec6-4db8-b1d1-82bc4ef05097
*** Element info: {Using=id, value=com.google.socratic:id/question_math}
	at sun.reflect.NativeConstructorAccessorImpl.newInstance0(Native Method)
	at sun.reflect.NativeConstructorAccessorImpl.newInstance(NativeConstructorAccessorImpl.java:62)
	at sun.reflect.DelegatingConstructorAccessorImpl.newInstance(DelegatingConstructorAccessorImpl.java:45)
	at java.lang.reflect.Constructor.newInstance(Constructor.java:423)
	at org.openqa.selenium.remote.http.W3CHttpResponseCodec.createException(W3CHttpResponseCodec.java:187)
	at org.openqa.selenium.remote.http.W3CHttpResponseCodec.decode(W3CHttpResponseCodec.java:122)
	at org.openqa.selenium.remote.http.W3CHttpResponseCodec.decode(W3CHttpResponseCodec.java:49)
	at org.openqa.selenium.remote.HttpCommandExecutor.execute(HttpCommandExecutor.java:158)
	at io.appium.java_client.remote.AppiumCommandExecutor.execute(AppiumCommandExecutor.java:239)
	at org.openqa.selenium.remote.RemoteWebDriver.execute(RemoteWebDriver.java:552)
	at io.appium.java_client.DefaultGenericMobileDriver.execute(DefaultGenericMobileDriver.java:41)
	at io.appium.java_client.AppiumDriver.execute(AppiumDriver.java:1)
	at org.openqa.selenium.remote.RemoteWebDriver.findElement(RemoteWebDriver.java:323)
	at io.appium.java_client.DefaultGenericMobileDriver.findElement(DefaultGenericMobileDriver.java:61)
	at io.appium.java_client.AppiumDriver.findElement(AppiumDriver.java:1)
	at org.openqa.selenium.remote.RemoteWebDriver.findElementById(RemoteWebDriver.java:372)
	at io.appium.java_client.DefaultGenericMobileDriver.findElementById(DefaultGenericMobileDriver.java:69)
	at io.appium.java_client.AppiumDriver.findElementById(AppiumDriver.java:1)
	at org.openqa.selenium.By$ById.findElement(By.java:188)
	at org.openqa.selenium.remote.RemoteWebDriver.findElement(RemoteWebDriver.java:315)
	at io.appium.java_client.DefaultGenericMobileDriver.findElement(DefaultGenericMobileDriver.java:57)
	at io.appium.java_client.AppiumDriver.findElement(AppiumDriver.java:1)
	at com.sjsu.socratic.socratic.SampleTest.testsocratic(SampleTest.java:147)
</failure>
    <system-err>Apr 22, 2020 1:08:48 PM io.appium.java_client.remote.AppiumCommandExecutor$1 lambda$0
INFO: Detected dialect: W3C
</system-err>
  </testcase>
  <testcase classname="com.sjsu.socratic.socratic.SampleTest" name="testsocratic" time="26.28">
    <failure message="An element could not be located on the page using the given search parameters.
For documentation on this error, please visit: https://www.seleniumhq.org/exceptions/no_such_element.html
Build info: version: &apos;3.141.59&apos;, revision: &apos;e82be7d358&apos;, time: &apos;2018-11-14T08:17:03&apos;
System info: host: &apos;Anurags-MacBook-Pro.local&apos;, ip: &apos;2601:646:8f80:d800:0:0:0:61e2%en0&apos;, os.name: &apos;Mac OS X&apos;, os.arch: &apos;x86_64&apos;, os.version: &apos;10.15.2&apos;, java.version: &apos;1.8.0_221&apos;
Driver info: io.appium.java_client.AppiumDriver
Capabilities {BROWSER_NAME: Android, appActivity: com.google.android.apps.edu..., appPackage: com.google.socratic, databaseEnabled: false, desired: {BROWSER_NAME: Android, appActivity: com.google.android.apps.edu..., appPackage: com.google.socratic, deviceName: ba3eedaa, platformName: android}, deviceApiLevel: 28, deviceManufacturer: OnePlus, deviceModel: GM1901, deviceName: ba3eedaa, deviceScreenDensity: 420, deviceScreenSize: 1080x2340, deviceUDID: ba3eedaa, javascriptEnabled: true, locationContextEnabled: false, networkConnectionEnabled: true, pixelRatio: 2.625, platform: LINUX, platformName: Android, platformVersion: 9, statBarHeight: 80, takesScreenshot: true, viewportRect: {height: 2054, left: 0, top: 80, width: 1080}, warnings: {}, webStorageEnabled: false}
Session ID: 675cf0b0-4039-4321-8163-679d641767fb
*** Element info: {Using=id, value=com.google.socratic:id/question_math}" type="org.openqa.selenium.NoSuchElementException">org.openqa.selenium.NoSuchElementException: An element could not be located on the page using the given search parameters.
For documentation on this error, please visit: https://www.seleniumhq.org/exceptions/no_such_element.html
Build info: version: &apos;3.141.59&apos;, revision: &apos;e82be7d358&apos;, time: &apos;2018-11-14T08:17:03&apos;
System info: host: &apos;Anurags-MacBook-Pro.local&apos;, ip: &apos;2601:646:8f80:d800:0:0:0:61e2%en0&apos;, os.name: &apos;Mac OS X&apos;, os.arch: &apos;x86_64&apos;, os.version: &apos;10.15.2&apos;, java.version: &apos;1.8.0_221&apos;
Driver info: io.appium.java_client.AppiumDriver
Capabilities {BROWSER_NAME: Android, appActivity: com.google.android.apps.edu..., appPackage: com.google.socratic, databaseEnabled: false, desired: {BROWSER_NAME: Android, appActivity: com.google.android.apps.edu..., appPackage: com.google.socratic, deviceName: ba3eedaa, platformName: android}, deviceApiLevel: 28, deviceManufacturer: OnePlus, deviceModel: GM1901, deviceName: ba3eedaa, deviceScreenDensity: 420, deviceScreenSize: 1080x2340, deviceUDID: ba3eedaa, javascriptEnabled: true, locationContextEnabled: false, networkConnectionEnabled: true, pixelRatio: 2.625, platform: LINUX, platformName: Android, platformVersion: 9, statBarHeight: 80, takesScreenshot: true, viewportRect: {height: 2054, left: 0, top: 80, width: 1080}, warnings: {}, webStorageEnabled: false}
Session ID: 675cf0b0-4039-4321-8163-679d641767fb
*** Element info: {Using=id, value=com.google.socratic:id/question_math}
	at sun.reflect.NativeConstructorAccessorImpl.newInstance0(Native Method)
	at sun.reflect.NativeConstructorAccessorImpl.newInstance(NativeConstructorAccessorImpl.java:62)
	at sun.reflect.DelegatingConstructorAccessorImpl.newInstance(DelegatingConstructorAccessorImpl.java:45)
	at java.lang.reflect.Constructor.newInstance(Constructor.java:423)
	at org.openqa.selenium.remote.http.W3CHttpResponseCodec.createException(W3CHttpResponseCodec.java:187)
	at org.openqa.selenium.remote.http.W3CHttpResponseCodec.decode(W3CHttpResponseCodec.java:122)
	at org.openqa.selenium.remote.http.W3CHttpResponseCodec.decode(W3CHttpResponseCodec.java:49)
	at org.openqa.selenium.remote.HttpCommandExecutor.execute(HttpCommandExecutor.java:158)
	at io.appium.java_client.remote.AppiumCommandExecutor.execute(AppiumCommandExecutor.java:239)
	at org.openqa.selenium.remote.RemoteWebDriver.execute(RemoteWebDriver.java:552)
	at io.appium.java_client.DefaultGenericMobileDriver.execute(DefaultGenericMobileDriver.java:41)
	at io.appium.java_client.AppiumDriver.execute(AppiumDriver.java:1)
	at org.openqa.selenium.remote.RemoteWebDriver.findElement(RemoteWebDriver.java:323)
	at io.appium.java_client.DefaultGenericMobileDriver.findElement(DefaultGenericMobileDriver.java:61)
	at io.appium.java_client.AppiumDriver.findElement(AppiumDriver.java:1)
	at org.openqa.selenium.remote.RemoteWebDriver.findElementById(RemoteWebDriver.java:372)
	at io.appium.java_client.DefaultGenericMobileDriver.findElementById(DefaultGenericMobileDriver.java:69)
	at io.appium.java_client.AppiumDriver.findElementById(AppiumDriver.java:1)
	at org.openqa.selenium.By$ById.findElement(By.java:188)
	at org.openqa.selenium.remote.RemoteWebDriver.findElement(RemoteWebDriver.java:315)
	at io.appium.java_client.DefaultGenericMobileDriver.findElement(DefaultGenericMobileDriver.java:57)
	at io.appium.java_client.AppiumDriver.findElement(AppiumDriver.java:1)
	at com.sjsu.socratic.socratic.SampleTest.testsocratic(SampleTest.java:147)
</failure>
    <system-err>Apr 22, 2020 1:09:14 PM io.appium.java_client.remote.AppiumCommandExecutor$1 lambda$0
INFO: Detected dialect: W3C
</system-err>
  </testcase>
  <testcase classname="com.sjsu.socratic.socratic.SampleTest" name="testsocratic" time="28.482"/>
  <testcase classname="com.sjsu.socratic.socratic.SampleTest" name="testsocratic" time="28.845"/>
  <testcase classname="com.sjsu.socratic.socratic.SampleTest" name="testsocratic" time="28.44"/>
  <testcase classname="com.sjsu.socratic.socratic.SampleTest" name="testsocratic" time="27.431"/>
  <testcase classname="com.sjsu.socratic.socratic.SampleTest" name="testsocratic" time="26.611"/>
  <testcase classname="com.sjsu.socratic.socratic.SampleTest" name="testsocratic" time="27.039"/>
  <testcase classname="com.sjsu.socratic.socratic.SampleTest" name="testsocratic" time="27.298"/>
  <testcase classname="com.sjsu.socratic.socratic.SampleTest" name="testsocratic" time="26.926"/>
  <testcase classname="com.sjsu.socratic.socratic.SampleTest" name="testsocratic" time="13.751">
    <failure message="An element could not be located on the page using the given search parameters.
For documentation on this error, please visit: https://www.seleniumhq.org/exceptions/no_such_element.html
Build info: version: &apos;3.141.59&apos;, revision: &apos;e82be7d358&apos;, time: &apos;2018-11-14T08:17:03&apos;
System info: host: &apos;Anurags-MacBook-Pro.local&apos;, ip: &apos;2601:646:8f80:d800:0:0:0:61e2%en0&apos;, os.name: &apos;Mac OS X&apos;, os.arch: &apos;x86_64&apos;, os.version: &apos;10.15.2&apos;, java.version: &apos;1.8.0_221&apos;
Driver info: io.appium.java_client.AppiumDriver
Capabilities {BROWSER_NAME: Android, appActivity: com.google.android.apps.edu..., appPackage: com.google.socratic, databaseEnabled: false, desired: {BROWSER_NAME: Android, appActivity: com.google.android.apps.edu..., appPackage: com.google.socratic, deviceName: ba3eedaa, platformName: android}, deviceApiLevel: 28, deviceManufacturer: OnePlus, deviceModel: GM1901, deviceName: ba3eedaa, deviceScreenDensity: 420, deviceScreenSize: 1080x2340, deviceUDID: ba3eedaa, javascriptEnabled: true, locationContextEnabled: false, networkConnectionEnabled: true, pixelRatio: 2.625, platform: LINUX, platformName: Android, platformVersion: 9, statBarHeight: 80, takesScreenshot: true, viewportRect: {height: 2054, left: 0, top: 80, width: 1080}, warnings: {}, webStorageEnabled: false}
Session ID: 074d6d29-042b-42eb-81cc-4cf763358622
*** Element info: {Using=id, value=com.google.socratic:id/button}" type="org.openqa.selenium.NoSuchElementException">org.openqa.selenium.NoSuchElementException: An element could not be located on the page using the given search parameters.
For documentation on this error, please visit: https://www.seleniumhq.org/exceptions/no_such_element.html
Build info: version: &apos;3.141.59&apos;, revision: &apos;e82be7d358&apos;, time: &apos;2018-11-14T08:17:03&apos;
System info: host: &apos;Anurags-MacBook-Pro.local&apos;, ip: &apos;2601:646:8f80:d800:0:0:0:61e2%en0&apos;, os.name: &apos;Mac OS X&apos;, os.arch: &apos;x86_64&apos;, os.version: &apos;10.15.2&apos;, java.version: &apos;1.8.0_221&apos;
Driver info: io.appium.java_client.AppiumDriver
Capabilities {BROWSER_NAME: Android, appActivity: com.google.android.apps.edu..., appPackage: com.google.socratic, databaseEnabled: false, desired: {BROWSER_NAME: Android, appActivity: com.google.android.apps.edu..., appPackage: com.google.socratic, deviceName: ba3eedaa, platformName: android}, deviceApiLevel: 28, deviceManufacturer: OnePlus, deviceModel: GM1901, deviceName: ba3eedaa, deviceScreenDensity: 420, deviceScreenSize: 1080x2340, deviceUDID: ba3eedaa, javascriptEnabled: true, locationContextEnabled: false, networkConnectionEnabled: true, pixelRatio: 2.625, platform: LINUX, platformName: Android, platformVersion: 9, statBarHeight: 80, takesScreenshot: true, viewportRect: {height: 2054, left: 0, top: 80, width: 1080}, warnings: {}, webStorageEnabled: false}
Session ID: 074d6d29-042b-42eb-81cc-4cf763358622
*** Element info: {Using=id, value=com.google.socratic:id/button}
	at sun.reflect.NativeConstructorAccessorImpl.newInstance0(Native Method)
	at sun.reflect.NativeConstructorAccessorImpl.newInstance(NativeConstructorAccessorImpl.java:62)
	at sun.reflect.DelegatingConstructorAccessorImpl.newInstance(DelegatingConstructorAccessorImpl.java:45)
	at java.lang.reflect.Constructor.newInstance(Constructor.java:423)
	at org.openqa.selenium.remote.http.W3CHttpResponseCodec.createException(W3CHttpResponseCodec.java:187)
	at org.openqa.selenium.remote.http.W3CHttpResponseCodec.decode(W3CHttpResponseCodec.java:122)
	at org.openqa.selenium.remote.http.W3CHttpResponseCodec.decode(W3CHttpResponseCodec.java:49)
	at org.openqa.selenium.remote.HttpCommandExecutor.execute(HttpCommandExecutor.java:158)
	at io.appium.java_client.remote.AppiumCommandExecutor.execute(AppiumCommandExecutor.java:239)
	at org.openqa.selenium.remote.RemoteWebDriver.execute(RemoteWebDriver.java:552)
	at io.appium.java_client.DefaultGenericMobileDriver.execute(DefaultGenericMobileDriver.java:41)
	at io.appium.java_client.AppiumDriver.execute(AppiumDriver.java:1)
	at org.openqa.selenium.remote.RemoteWebDriver.findElement(RemoteWebDriver.java:323)
	at io.appium.java_client.DefaultGenericMobileDriver.findElement(DefaultGenericMobileDriver.java:61)
	at io.appium.java_client.AppiumDriver.findElement(AppiumDriver.java:1)
	at org.openqa.selenium.remote.RemoteWebDriver.findElementById(RemoteWebDriver.java:372)
	at io.appium.java_client.DefaultGenericMobileDriver.findElementById(DefaultGenericMobileDriver.java:69)
	at io.appium.java_client.AppiumDriver.findElementById(AppiumDriver.java:1)
	at org.openqa.selenium.By$ById.findElement(By.java:188)
	at org.openqa.selenium.remote.RemoteWebDriver.findElement(RemoteWebDriver.java:315)
	at io.appium.java_client.DefaultGenericMobileDriver.findElement(DefaultGenericMobileDriver.java:57)
	at io.appium.java_client.AppiumDriver.findElement(AppiumDriver.java:1)
	at com.sjsu.socratic.socratic.SampleTest.testsocratic(SampleTest.java:130)
</failure>
    <system-err>Apr 22, 2020 1:13:22 PM io.appium.java_client.remote.AppiumCommandExecutor$1 lambda$0
INFO: Detected dialect: W3C
</system-err>
  </testcase>
  <testcase classname="com.sjsu.socratic.socratic.SampleTest" name="testsocratic" time="21.488">
    <failure message="An unknown server-side error occurred while processing the command. Original error: Could not proxy command to remote server. Original error: Error: socket hang up
Build info: version: &apos;3.141.59&apos;, revision: &apos;e82be7d358&apos;, time: &apos;2018-11-14T08:17:03&apos;
System info: host: &apos;Anurags-MacBook-Pro.local&apos;, ip: &apos;2601:646:8f80:d800:0:0:0:61e2%en0&apos;, os.name: &apos;Mac OS X&apos;, os.arch: &apos;x86_64&apos;, os.version: &apos;10.15.2&apos;, java.version: &apos;1.8.0_221&apos;
Driver info: io.appium.java_client.AppiumDriver
Capabilities {BROWSER_NAME: Android, appActivity: com.google.android.apps.edu..., appPackage: com.google.socratic, databaseEnabled: false, desired: {BROWSER_NAME: Android, appActivity: com.google.android.apps.edu..., appPackage: com.google.socratic, deviceName: ba3eedaa, platformName: android}, deviceApiLevel: 28, deviceManufacturer: OnePlus, deviceModel: GM1901, deviceName: ba3eedaa, deviceScreenDensity: 420, deviceScreenSize: 1080x2340, deviceUDID: ba3eedaa, javascriptEnabled: true, locationContextEnabled: false, networkConnectionEnabled: true, pixelRatio: 2.625, platform: LINUX, platformName: Android, platformVersion: 9, statBarHeight: 80, takesScreenshot: true, viewportRect: {height: 2054, left: 0, top: 80, width: 1080}, warnings: {}, webStorageEnabled: false}
Session ID: c43f0f28-997f-40dc-ac7a-9cf4631d21a3
*** Element info: {Using=id, value=com.google.socratic:id/camera_button}" type="org.openqa.selenium.WebDriverException">org.openqa.selenium.WebDriverException: An unknown server-side error occurred while processing the command. Original error: Could not proxy command to remote server. Original error: Error: socket hang up
Build info: version: &apos;3.141.59&apos;, revision: &apos;e82be7d358&apos;, time: &apos;2018-11-14T08:17:03&apos;
System info: host: &apos;Anurags-MacBook-Pro.local&apos;, ip: &apos;2601:646:8f80:d800:0:0:0:61e2%en0&apos;, os.name: &apos;Mac OS X&apos;, os.arch: &apos;x86_64&apos;, os.version: &apos;10.15.2&apos;, java.version: &apos;1.8.0_221&apos;
Driver info: io.appium.java_client.AppiumDriver
Capabilities {BROWSER_NAME: Android, appActivity: com.google.android.apps.edu..., appPackage: com.google.socratic, databaseEnabled: false, desired: {BROWSER_NAME: Android, appActivity: com.google.android.apps.edu..., appPackage: com.google.socratic, deviceName: ba3eedaa, platformName: android}, deviceApiLevel: 28, deviceManufacturer: OnePlus, deviceModel: GM1901, deviceName: ba3eedaa, deviceScreenDensity: 420, deviceScreenSize: 1080x2340, deviceUDID: ba3eedaa, javascriptEnabled: true, locationContextEnabled: false, networkConnectionEnabled: true, pixelRatio: 2.625, platform: LINUX, platformName: Android, platformVersion: 9, statBarHeight: 80, takesScreenshot: true, viewportRect: {height: 2054, left: 0, top: 80, width: 1080}, warnings: {}, webStorageEnabled: false}
Session ID: c43f0f28-997f-40dc-ac7a-9cf4631d21a3
*** Element info: {Using=id, value=com.google.socratic:id/camera_button}
	at sun.reflect.NativeConstructorAccessorImpl.newInstance0(Native Method)
	at sun.reflect.NativeConstructorAccessorImpl.newInstance(NativeConstructorAccessorImpl.java:62)
	at sun.reflect.DelegatingConstructorAccessorImpl.newInstance(DelegatingConstructorAccessorImpl.java:45)
	at java.lang.reflect.Constructor.newInstance(Constructor.java:423)
	at org.openqa.selenium.remote.http.W3CHttpResponseCodec.createException(W3CHttpResponseCodec.java:187)
	at org.openqa.selenium.remote.http.W3CHttpResponseCodec.decode(W3CHttpResponseCodec.java:122)
	at org.openqa.selenium.remote.http.W3CHttpResponseCodec.decode(W3CHttpResponseCodec.java:49)
	at org.openqa.selenium.remote.HttpCommandExecutor.execute(HttpCommandExecutor.java:158)
	at io.appium.java_client.remote.AppiumCommandExecutor.execute(AppiumCommandExecutor.java:239)
	at org.openqa.selenium.remote.RemoteWebDriver.execute(RemoteWebDriver.java:552)
	at io.appium.java_client.DefaultGenericMobileDriver.execute(DefaultGenericMobileDriver.java:41)
	at io.appium.java_client.AppiumDriver.execute(AppiumDriver.java:1)
	at org.openqa.selenium.remote.RemoteWebDriver.findElement(RemoteWebDriver.java:323)
	at io.appium.java_client.DefaultGenericMobileDriver.findElement(DefaultGenericMobileDriver.java:61)
	at io.appium.java_client.AppiumDriver.findElement(AppiumDriver.java:1)
	at org.openqa.selenium.remote.RemoteWebDriver.findElementById(RemoteWebDriver.java:372)
	at io.appium.java_client.DefaultGenericMobileDriver.findElementById(DefaultGenericMobileDriver.java:69)
	at io.appium.java_client.AppiumDriver.findElementById(AppiumDriver.java:1)
	at org.openqa.selenium.By$ById.findElement(By.java:188)
	at org.openqa.selenium.remote.RemoteWebDriver.findElement(RemoteWebDriver.java:315)
	at io.appium.java_client.DefaultGenericMobileDriver.findElement(DefaultGenericMobileDriver.java:57)
	at io.appium.java_client.AppiumDriver.findElement(AppiumDriver.java:1)
	at com.sjsu.socratic.socratic.SampleTest.testsocratic(SampleTest.java:139)
</failure>
    <system-err>Apr 22, 2020 1:13:38 PM io.appium.java_client.remote.AppiumCommandExecutor$1 lambda$0
INFO: Detected dialect: W3C
</system-err>
  </testcase>
  <testcase classname="com.sjsu.socratic.socratic.SampleTest" name="testsocratic" time="25.022">
    <failure message="An unknown server-side error occurred while processing the command. Original error: Could not proxy command to remote server. Original error: Error: socket hang up
Build info: version: &apos;3.141.59&apos;, revision: &apos;e82be7d358&apos;, time: &apos;2018-11-14T08:17:03&apos;
System info: host: &apos;Anurags-MacBook-Pro.local&apos;, ip: &apos;2601:646:8f80:d800:0:0:0:61e2%en0&apos;, os.name: &apos;Mac OS X&apos;, os.arch: &apos;x86_64&apos;, os.version: &apos;10.15.2&apos;, java.version: &apos;1.8.0_221&apos;
Driver info: io.appium.java_client.AppiumDriver
Capabilities {BROWSER_NAME: Android, appActivity: com.google.android.apps.edu..., appPackage: com.google.socratic, databaseEnabled: false, desired: {BROWSER_NAME: Android, appActivity: com.google.android.apps.edu..., appPackage: com.google.socratic, deviceName: ba3eedaa, platformName: android}, deviceApiLevel: 28, deviceManufacturer: OnePlus, deviceModel: GM1901, deviceName: ba3eedaa, deviceScreenDensity: 420, deviceScreenSize: 1080x2340, deviceUDID: ba3eedaa, javascriptEnabled: true, locationContextEnabled: false, networkConnectionEnabled: true, pixelRatio: 2.625, platform: LINUX, platformName: Android, platformVersion: 9, statBarHeight: 80, takesScreenshot: true, viewportRect: {height: 2054, left: 0, top: 80, width: 1080}, warnings: {}, webStorageEnabled: false}
Session ID: 30921dca-9ec8-4fc1-a8b5-84123ed201f6
*** Element info: {Using=id, value=com.google.socratic:id/accept_button}" type="org.openqa.selenium.WebDriverException">org.openqa.selenium.WebDriverException: An unknown server-side error occurred while processing the command. Original error: Could not proxy command to remote server. Original error: Error: socket hang up
Build info: version: &apos;3.141.59&apos;, revision: &apos;e82be7d358&apos;, time: &apos;2018-11-14T08:17:03&apos;
System info: host: &apos;Anurags-MacBook-Pro.local&apos;, ip: &apos;2601:646:8f80:d800:0:0:0:61e2%en0&apos;, os.name: &apos;Mac OS X&apos;, os.arch: &apos;x86_64&apos;, os.version: &apos;10.15.2&apos;, java.version: &apos;1.8.0_221&apos;
Driver info: io.appium.java_client.AppiumDriver
Capabilities {BROWSER_NAME: Android, appActivity: com.google.android.apps.edu..., appPackage: com.google.socratic, databaseEnabled: false, desired: {BROWSER_NAME: Android, appActivity: com.google.android.apps.edu..., appPackage: com.google.socratic, deviceName: ba3eedaa, platformName: android}, deviceApiLevel: 28, deviceManufacturer: OnePlus, deviceModel: GM1901, deviceName: ba3eedaa, deviceScreenDensity: 420, deviceScreenSize: 1080x2340, deviceUDID: ba3eedaa, javascriptEnabled: true, locationContextEnabled: false, networkConnectionEnabled: true, pixelRatio: 2.625, platform: LINUX, platformName: Android, platformVersion: 9, statBarHeight: 80, takesScreenshot: true, viewportRect: {height: 2054, left: 0, top: 80, width: 1080}, warnings: {}, webStorageEnabled: false}
Session ID: 30921dca-9ec8-4fc1-a8b5-84123ed201f6
*** Element info: {Using=id, value=com.google.socratic:id/accept_button}
	at sun.reflect.NativeConstructorAccessorImpl.newInstance0(Native Method)
	at sun.reflect.NativeConstructorAccessorImpl.newInstance(NativeConstructorAccessorImpl.java:62)
	at sun.reflect.DelegatingConstructorAccessorImpl.newInstance(DelegatingConstructorAccessorImpl.java:45)
	at java.lang.reflect.Constructor.newInstance(Constructor.java:423)
	at org.openqa.selenium.remote.http.W3CHttpResponseCodec.createException(W3CHttpResponseCodec.java:187)
	at org.openqa.selenium.remote.http.W3CHttpResponseCodec.decode(W3CHttpResponseCodec.java:122)
	at org.openqa.selenium.remote.http.W3CHttpResponseCodec.decode(W3CHttpResponseCodec.java:49)
	at org.openqa.selenium.remote.HttpCommandExecutor.execute(HttpCommandExecutor.java:158)
	at io.appium.java_client.remote.AppiumCommandExecutor.execute(AppiumCommandExecutor.java:239)
	at org.openqa.selenium.remote.RemoteWebDriver.execute(RemoteWebDriver.java:552)
	at io.appium.java_client.DefaultGenericMobileDriver.execute(DefaultGenericMobileDriver.java:41)
	at io.appium.java_client.AppiumDriver.execute(AppiumDriver.java:1)
	at org.openqa.selenium.remote.RemoteWebDriver.findElement(RemoteWebDriver.java:323)
	at io.appium.java_client.DefaultGenericMobileDriver.findElement(DefaultGenericMobileDriver.java:61)
	at io.appium.java_client.AppiumDriver.findElement(AppiumDriver.java:1)
	at org.openqa.selenium.remote.RemoteWebDriver.findElementById(RemoteWebDriver.java:372)
	at io.appium.java_client.DefaultGenericMobileDriver.findElementById(DefaultGenericMobileDriver.java:69)
	at io.appium.java_client.AppiumDriver.findElementById(AppiumDriver.java:1)
	at org.openqa.selenium.By$ById.findElement(By.java:188)
	at org.openqa.selenium.remote.RemoteWebDriver.findElement(RemoteWebDriver.java:315)
	at io.appium.java_client.DefaultGenericMobileDriver.findElement(DefaultGenericMobileDriver.java:57)
	at io.appium.java_client.AppiumDriver.findElement(AppiumDriver.java:1)
	at com.sjsu.socratic.socratic.SampleTest.testsocratic(SampleTest.java:143)
</failure>
    <system-err>Apr 22, 2020 1:13:59 PM io.appium.java_client.remote.AppiumCommandExecutor$1 lambda$0
INFO: Detected dialect: W3C
</system-err>
  </testcase>
  <testcase classname="com.sjsu.socratic.socratic.SampleTest" name="testsocratic" time="28.542"/>
  <testcase classname="com.sjsu.socratic.socratic.SampleTest" name="testsocratic" time="28.556"/>
  <testcase classname="com.sjsu.socratic.socratic.SampleTest" name="testsocratic" time="29.94"/>
</testsuite>